 
       ==============================================
       |                                            |
       |                 C R E S T                  |
       |                                            |
       |  Conformer-Rotamer Ensemble Sampling Tool  |
       |       based on the GFNn-xTB methods        |
       |             P.Pracht, S.Grimme             |
       |          Universitaet Bonn, MCTC           |
       ==============================================
       Version 2.10.2, Tue 9. Jun 13:32:10 CEST 2020
       Using the xTB program.
       Compatible with XTB version 6.1 and later.
 
   Cite work conducted with this code as

   P. Pracht, F. Bohle, S. Grimme, PCCP, 2020, 22, 7169-7192.

   and

   S. Grimme, JCTC, 2019, 15, 2847-2862.
 
   This program is distributed in the hope that it will be useful,
   but WITHOUT ANY WARRANTY; without even the implied warranty of
   MERCHANTABILITY or FITNESS FOR A PARTICULAR PURPOSE.

 Command line input:
 > crest xtbopt.xyz

 =============================
  # threads =           1
 =============================
-------------------------
Starting z-matrix sorting
-------------------------
 total number of atoms :          33
 total number of frags :           1
 Fragment            1
   1  C     0.000000      0.0000      0.0000     0    0    0
   2  H     2.055399      0.0000      0.0000     1    0    0
   3  H     2.056449    108.5411      0.0000     1    2    0
   4  C     2.883170    109.9330   -239.1695     1    2    3
   5  H     2.059167    108.5719    -54.4528     4    1    2
   6  H     2.067409    109.6421   -242.3996     4    1    5
   7  C     2.925923    112.9469   -121.3385     4    1    5
   8  N     2.760780    112.1903    -63.4858     7    4    1
   9  H     1.915641    110.1690   -307.3475     8    7    4
  10  H     1.916532    109.6175   -118.8019     8    7    9
  11  C     2.858109    106.3998   -237.7791     7    8    4
  12  C     2.563686    127.4676   -130.3462    11    7    8
  13  S     3.257546    112.2987   -179.4993    12   11    7
  14  C     3.284126     91.2736     -0.2085    13   12   11
  15  C     2.560929    110.7596   -359.7096    14   13   12
  16  H     2.030385    124.0321   -179.8865    15   14   13
  17  C     2.809784    128.8176   -180.0404    14   15   13
  18  H     2.054535    109.8465   -359.9542    17   14   15
  19  H     2.059282    110.7023   -239.7250    17   14   18
  20  H     2.059585    110.6757   -120.2681    17   14   18
  21  H     2.024429    118.0881   -180.0995    12   13   11
  22  C     2.877502    106.4755   -117.4180     7   11    8
  23  C     2.622497    121.7470   -244.1789    22    7   11
  24  C     2.616274    120.5968   -180.2676    23   22    7
  25  C     2.613771    120.3295   -359.6652    24   23   22
  26  C     2.616808    119.4546   -359.1055    25   24   23
  27  C     2.612072    120.1933     -0.7959    26   25   24
  28  H     2.041508    119.3886   -181.1130    27   26   25
  29  H     2.041847    119.7429   -179.8057    26   27   25
  30  H     2.041285    120.2067   -179.3936    25   26   24
  31  H     2.042019    120.0421   -179.8960    24   25   23
  32  H     2.037612    119.8958   -179.1885    23   24   22
  33  H     2.057306    107.7103   -117.3185     1    2    3
 terminated normally
 
 -------------------------
 xTB Geometry Optimization
 -------------------------
 Geometry successfully optimized.
 
------------------------------------------------
Generating MTD length from a flexibility measure
------------------------------------------------
 Calculating WBOs... done.
 flexibility measure :   0.289
 t(MTD) / ps    :     5.0
 Σ(t(MTD)) / ps :    60.0 (+    10.0)
 
-------------------------------------
Starting a trial MTD to test settings
-------------------------------------
 Estimated runtime for one MTD (5.0 ps) on a single thread: 55 sec
 Estimated runtime for a batch of 14 MTDs on 1 threads: 12 min 52 sec
 
 list of Vbias parameters applied:
$metadyn    0.00300   1.300
$metadyn    0.00150   1.300
$metadyn    0.00075   1.300
$metadyn    0.00300   0.780
$metadyn    0.00150   0.780
$metadyn    0.00075   0.780
$metadyn    0.00300   0.468
$metadyn    0.00150   0.468
$metadyn    0.00075   0.468
$metadyn    0.00300   0.281
$metadyn    0.00150   0.281
$metadyn    0.00075   0.281
$metadyn    0.00100   0.100
$metadyn    0.00500   0.800
 
*******************************************************************************************
**                        N E W    I T E R A T I O N    C Y C L E                        **
*******************************************************************************************
 
========================================
            MTD Iteration  1
========================================
 
     ========================================
     |         Meta-MD (MTD) Sampling       |
     ========================================
 
Starting Meta-MD   1 with the settings:
     MD time /ps        :     5.0
     dt /fs             :     5.0
     dumpstep(trj) /fs  :     100
     dumpstep(Vbias)/ps :     1.0
     Vbias prefactor(k) :  0.0990
     Vbias exponent(α)  :    1.30
*Meta-MD 1 finished*
Starting Meta-MD   2 with the settings:
     MD time /ps        :     5.0
     dt /fs             :     5.0
     dumpstep(trj) /fs  :     100
     dumpstep(Vbias)/ps :     1.0
     Vbias prefactor(k) :  0.0495
     Vbias exponent(α)  :    1.30
*Meta-MD 2 finished*
Starting Meta-MD   3 with the settings:
     MD time /ps        :     5.0
     dt /fs             :     5.0
     dumpstep(trj) /fs  :     100
     dumpstep(Vbias)/ps :     1.0
     Vbias prefactor(k) :  0.0248
     Vbias exponent(α)  :    1.30
*Meta-MD 3 finished*
Starting Meta-MD   4 with the settings:
     MD time /ps        :     5.0
     dt /fs             :     5.0
     dumpstep(trj) /fs  :     100
     dumpstep(Vbias)/ps :     1.0
     Vbias prefactor(k) :  0.0990
     Vbias exponent(α)  :    0.78
*Meta-MD 4 finished*
Starting Meta-MD   5 with the settings:
     MD time /ps        :     5.0
     dt /fs             :     5.0
     dumpstep(trj) /fs  :     100
     dumpstep(Vbias)/ps :     1.0
     Vbias prefactor(k) :  0.0495
     Vbias exponent(α)  :    0.78
*Meta-MD 5 finished*
Starting Meta-MD   6 with the settings:
     MD time /ps        :     5.0
     dt /fs             :     5.0
     dumpstep(trj) /fs  :     100
     dumpstep(Vbias)/ps :     1.0
     Vbias prefactor(k) :  0.0248
     Vbias exponent(α)  :    0.78
*Meta-MD 6 finished*
Starting Meta-MD   7 with the settings:
     MD time /ps        :     5.0
     dt /fs             :     5.0
     dumpstep(trj) /fs  :     100
     dumpstep(Vbias)/ps :     1.0
     Vbias prefactor(k) :  0.0990
     Vbias exponent(α)  :    0.47
*Meta-MD 7 finished*
Starting Meta-MD   8 with the settings:
     MD time /ps        :     5.0
     dt /fs             :     5.0
     dumpstep(trj) /fs  :     100
     dumpstep(Vbias)/ps :     1.0
     Vbias prefactor(k) :  0.0495
     Vbias exponent(α)  :    0.47
*Meta-MD 8 finished*
Starting Meta-MD   9 with the settings:
     MD time /ps        :     5.0
     dt /fs             :     5.0
     dumpstep(trj) /fs  :     100
     dumpstep(Vbias)/ps :     1.0
     Vbias prefactor(k) :  0.0248
     Vbias exponent(α)  :    0.47
*Meta-MD 9 finished*
Starting Meta-MD  10 with the settings:
     MD time /ps        :     5.0
     dt /fs             :     5.0
     dumpstep(trj) /fs  :     100
     dumpstep(Vbias)/ps :     1.0
     Vbias prefactor(k) :  0.0990
     Vbias exponent(α)  :    0.28
*Meta-MD 10 finished*
Starting Meta-MD  11 with the settings:
     MD time /ps        :     5.0
     dt /fs             :     5.0
     dumpstep(trj) /fs  :     100
     dumpstep(Vbias)/ps :     1.0
     Vbias prefactor(k) :  0.0495
     Vbias exponent(α)  :    0.28
*Meta-MD 11 finished*
Starting Meta-MD  12 with the settings:
     MD time /ps        :     5.0
     dt /fs             :     5.0
     dumpstep(trj) /fs  :     100
     dumpstep(Vbias)/ps :     1.0
     Vbias prefactor(k) :  0.0248
     Vbias exponent(α)  :    0.28
*Meta-MD 12 finished*
Starting Meta-MD  13 with the settings:
     MD time /ps        :     5.0
     dt /fs             :     5.0
     dumpstep(trj) /fs  :     100
     dumpstep(Vbias)/ps :     1.0
     Vbias prefactor(k) :  0.0330
     Vbias exponent(α)  :    0.10
*Meta-MD 13 finished*
Starting Meta-MD  14 with the settings:
     MD time /ps        :     5.0
     dt /fs             :     5.0
     dumpstep(trj) /fs  :     100
     dumpstep(Vbias)/ps :     1.0
     Vbias prefactor(k) :  0.1650
     Vbias exponent(α)  :    0.80
*Meta-MD 14 finished*
 
-----------------------
Multilevel Optimization
-----------------------
 
 -------------------------
 1. crude pre-optimization
 -------------------------
 writing TMPCONF* Dirs from file "crest_rotamers_0.xyz" ... done.
 Starting optimization of generated structures
 686 jobs to do.
 1 2 3 4 5 6 7 8 9 10 11 12 13 14 15 16 17 18 19 20 21 22 23 24 25 26 27 28 29 30 31 32 33 34 35 36 37 38 39 40 41 42 43 44 45 46 47 48 49 50 51 52 53 54 55 56 57 58 59 60 61 62 63 64 65 66 67 68 69 70 71 72 73 74 75 76 77 78 79 80 81 82 83 84 85 86 87 88 89 90 91 92 93 94 95 96 97 98 99 100 101 102 103 104 105 106 107 108 109 110 111 112 113 114 115 116 117 118 119 120 121 122 123 124 125 126 127 128 129 130 131 132 133 134 135 136 137 138 139 140 141 142 143 144 145 146 147 148 149 150 151 152 153 154 155 156 157 158 159 160 161 162 163 164 165 166 167 168 169 170 171 172 173 174 175 176 177 178 179 180 181 182 183 184 185 186 187 188 189 190 191 192 193 194 195 196 197 198 199 200 201 202 203 204 205 206 207 208 209 210 211 212 213 214 215 216 217 218 219 220 221 222 223 224 225 226 227 228 229 230 231 232 233 234 235 236 237 238 239 240 241 242 243 244 245 246 247 248 249 250 251 252 253 254 255 256 257 258 259 260 261 262 263 264 265 266 267 268 269 270 271 272 273 274 275 276 277 278 279 280 281 282 283 284 285 286 287 288 289 290 291 292 293 294 295 296 297 298 299 300 301 302 303 304 305 306 307 308 309 310 311 312 313 314 315 316 317 318 319 320 321 322 323 324 325 326 327 328 329 330 331 332 333 334 335 336 337 338 339 340 341 342 343 344 345 346 347 348 349 350 351 352 353 354 355 356 357 358 359 360 361 362 363 364 365 366 367 368 369 370 371 372 373 374 375 376 377 378 379 380 381 382 383 384 385 386 387 388 389 390 391 392 393 394 395 396 397 398 399 400 401 402 403 404 405 406 407 408 409 410 411 412 413 414 415 416 417 418 419 420 421 422 423 424 425 426 427 428 429 430 431 432 433 434 435 436 437 438 439 440 441 442 443 444 445 446 447 448 449 450 451 452 453 454 455 456 457 458 459 460 461 462 463 464 465 466 467 468 469 470 471 472 473 474 475 476 477 478 479 480 481 482 483 484 485 486 487 488 489 490 491 492 493 494 495 496 497 498 499 500 501 502 503 504 505 506 507 508 509 510 511 512 513 514 515 516 517 518 519 520 521 522 523 524 525 526 527 528 529 530 531 532 533 534 535 536 537 538 539 540 541 542 543 544 545 546 547 548 549 550 551 552 553 554 555 556 557 558 559 560 561 562 563 564 565 566 567 568 569 570 571 572 573 574 575 576 577 578 579 580 581 582 583 584 585 586 587 588 589 590 591 592 593 594 595 596 597 598 599 600 601 602 603 604 605 606 607 608 609 610 611 612 613 614 615 616 617 618 619 620 621 622 623 624 625 626 627 628 629 630 631 632 633 634 635 636 637 638 639 640 641 642 643 644 645 646 647 648 649 650 651 652 653 654 655 656 657 658 659 660 661 662 663 664 665 666 667 668 669 670 671 672 673 674 675 676 677 678 679 680 681 682 683 684 685 686 
 done.
 Now appending opt.xyz file with new structures
 running RMSDs...
 done.
 E lowest :   -44.79115
 631 structures remain within    12.00 kcal/mol window
 
 -------------------------------------
 2. optimization with tight thresholds
 -------------------------------------
 writing TMPCONF* Dirs from file "crest_rotamers_1.xyz" ... done.
 Starting optimization of generated structures
 632 jobs to do.
 1 2 3 4 5 6 7 8 9 10 11 12 13 14 15 16 17 18 19 20 21 22 23 24 25 26 27 28 29 30 31 32 33 34 35 36 37 38 39 40 41 42 43 44 45 46 47 48 49 50 51 52 53 54 55 56 57 58 59 60 61 62 63 64 65 66 67 68 69 70 71 72 73 74 75 76 77 78 79 80 81 82 83 84 85 86 87 88 89 90 91 92 93 94 95 96 97 98 99 100 101 102 103 104 105 106 107 108 109 110 111 112 113 114 115 116 117 118 119 120 121 122 123 124 125 126 127 128 129 130 131 132 133 134 135 136 137 138 139 140 141 142 143 144 145 146 147 148 149 150 151 152 153 154 155 156 157 158 159 160 161 162 163 164 165 166 167 168 169 170 171 172 173 174 175 176 177 178 179 180 181 182 183 184 185 186 187 188 189 190 191 192 193 194 195 196 197 198 199 200 201 202 203 204 205 206 207 208 209 210 211 212 213 214 215 216 217 218 219 220 221 222 223 224 225 226 227 228 229 230 231 232 233 234 235 236 237 238 239 240 241 242 243 244 245 246 247 248 249 250 251 252 253 254 255 256 257 258 259 260 261 262 263 264 265 266 267 268 269 270 271 272 273 274 275 276 277 278 279 280 281 282 283 284 285 286 287 288 289 290 291 292 293 294 295 296 297 298 299 300 301 302 303 304 305 306 307 308 309 310 311 312 313 314 315 316 317 318 319 320 321 322 323 324 325 326 327 328 329 330 331 332 333 334 335 336 337 338 339 340 341 342 343 344 345 346 347 348 349 350 351 352 353 354 355 356 357 358 359 360 361 362 363 364 365 366 367 368 369 370 371 372 373 374 375 376 377 378 379 380 381 382 383 384 385 386 387 388 389 390 391 392 393 394 395 396 397 398 399 400 401 402 403 404 405 406 407 408 409 410 411 412 413 414 415 416 417 418 419 420 421 422 423 424 425 426 427 428 429 430 431 432 433 434 435 436 437 438 439 440 441 442 443 444 445 446 447 448 449 450 451 452 453 454 455 456 457 458 459 460 461 462 463 464 465 466 467 468 469 470 471 472 473 474 475 476 477 478 479 480 481 482 483 484 485 486 487 488 489 490 491 492 493 494 495 496 497 498 499 500 501 502 503 504 505 506 507 508 509 510 511 512 513 514 515 516 517 518 519 520 521 522 523 524 525 526 527 528 529 530 531 532 533 534 535 536 537 538 539 540 541 542 543 544 545 546 547 548 549 550 551 552 553 554 555 556 557 558 559 560 561 562 563 564 565 566 567 568 569 570 571 572 573 574 575 576 577 578 579 580 581 582 583 584 585 586 587 588 589 590 591 592 593 594 595 596 597 598 599 600 601 602 603 604 605 606 607 608 609 610 611 612 613 614 615 616 617 618 619 620 621 622 623 624 625 626 627 628 629 630 631 632 
 done.
 Now appending opt.xyz file with new structures
 running RMSDs...
 done.
 E lowest :   -44.79148
 268 structures remain within     6.00 kcal/mol window
 
 
========================================
            MTD Iteration  2
========================================
 
     ========================================
     |         Meta-MD (MTD) Sampling       |
     ========================================
 
Starting Meta-MD   1 with the settings:
     MD time /ps        :     5.0
     dt /fs             :     5.0
     dumpstep(trj) /fs  :     100
     dumpstep(Vbias)/ps :     1.0
     Vbias prefactor(k) :  0.0990
     Vbias exponent(α)  :    1.30
*Meta-MD 1 finished*
Starting Meta-MD   2 with the settings:
     MD time /ps        :     5.0
     dt /fs             :     5.0
     dumpstep(trj) /fs  :     100
     dumpstep(Vbias)/ps :     1.0
     Vbias prefactor(k) :  0.0495
     Vbias exponent(α)  :    1.30
*Meta-MD 2 finished*
Starting Meta-MD   3 with the settings:
     MD time /ps        :     5.0
     dt /fs             :     5.0
     dumpstep(trj) /fs  :     100
     dumpstep(Vbias)/ps :     1.0
     Vbias prefactor(k) :  0.0248
     Vbias exponent(α)  :    1.30
*Meta-MD 3 finished*
Starting Meta-MD   4 with the settings:
     MD time /ps        :     5.0
     dt /fs             :     5.0
     dumpstep(trj) /fs  :     100
     dumpstep(Vbias)/ps :     1.0
     Vbias prefactor(k) :  0.0990
     Vbias exponent(α)  :    0.78
*Meta-MD 4 finished*
Starting Meta-MD   5 with the settings:
     MD time /ps        :     5.0
     dt /fs             :     5.0
     dumpstep(trj) /fs  :     100
     dumpstep(Vbias)/ps :     1.0
     Vbias prefactor(k) :  0.0495
     Vbias exponent(α)  :    0.78
*Meta-MD 5 finished*
Starting Meta-MD   6 with the settings:
     MD time /ps        :     5.0
     dt /fs             :     5.0
     dumpstep(trj) /fs  :     100
     dumpstep(Vbias)/ps :     1.0
     Vbias prefactor(k) :  0.0248
     Vbias exponent(α)  :    0.78
*Meta-MD 6 finished*
Starting Meta-MD   7 with the settings:
     MD time /ps        :     5.0
     dt /fs             :     5.0
     dumpstep(trj) /fs  :     100
     dumpstep(Vbias)/ps :     1.0
     Vbias prefactor(k) :  0.0990
     Vbias exponent(α)  :    0.47
*Meta-MD 7 finished*
Starting Meta-MD   8 with the settings:
     MD time /ps        :     5.0
     dt /fs             :     5.0
     dumpstep(trj) /fs  :     100
     dumpstep(Vbias)/ps :     1.0
     Vbias prefactor(k) :  0.0495
     Vbias exponent(α)  :    0.47
*Meta-MD 8 finished*
Starting Meta-MD   9 with the settings:
     MD time /ps        :     5.0
     dt /fs             :     5.0
     dumpstep(trj) /fs  :     100
     dumpstep(Vbias)/ps :     1.0
     Vbias prefactor(k) :  0.0248
     Vbias exponent(α)  :    0.47
*Meta-MD 9 finished*
Starting Meta-MD  10 with the settings:
     MD time /ps        :     5.0
     dt /fs             :     5.0
     dumpstep(trj) /fs  :     100
     dumpstep(Vbias)/ps :     1.0
     Vbias prefactor(k) :  0.0990
     Vbias exponent(α)  :    0.28
*Meta-MD 10 finished*
Starting Meta-MD  11 with the settings:
     MD time /ps        :     5.0
     dt /fs             :     5.0
     dumpstep(trj) /fs  :     100
     dumpstep(Vbias)/ps :     1.0
     Vbias prefactor(k) :  0.0495
     Vbias exponent(α)  :    0.28
*Meta-MD 11 finished*
Starting Meta-MD  12 with the settings:
     MD time /ps        :     5.0
     dt /fs             :     5.0
     dumpstep(trj) /fs  :     100
     dumpstep(Vbias)/ps :     1.0
     Vbias prefactor(k) :  0.0248
     Vbias exponent(α)  :    0.28
*Meta-MD 12 finished*
 
-----------------------
Multilevel Optimization
-----------------------
 
 -------------------------
 1. crude pre-optimization
 -------------------------
 writing TMPCONF* Dirs from file "crest_rotamers_0.xyz" ... done.
 Starting optimization of generated structures
 588 jobs to do.
 1 2 3 4 5 6 7 8 9 10 11 12 13 14 15 16 17 18 19 20 21 22 23 24 25 26 27 28 29 30 31 32 33 34 35 36 37 38 39 40 41 42 43 44 45 46 47 48 49 50 51 52 53 54 55 56 57 58 59 60 61 62 63 64 65 66 67 68 69 70 71 72 73 74 75 76 77 78 79 80 81 82 83 84 85 86 87 88 89 90 91 92 93 94 95 96 97 98 99 100 101 102 103 104 105 106 107 108 109 110 111 112 113 114 115 116 117 118 119 120 121 122 123 124 125 126 127 128 129 130 131 132 133 134 135 136 137 138 139 140 141 142 143 144 145 146 147 148 149 150 151 152 153 154 155 156 157 158 159 160 161 162 163 164 165 166 167 168 169 170 171 172 173 174 175 176 177 178 179 180 181 182 183 184 185 186 187 188 189 190 191 192 193 194 195 196 197 198 199 200 201 202 203 204 205 206 207 208 209 210 211 212 213 214 215 216 217 218 219 220 221 222 223 224 225 226 227 228 229 230 231 232 233 234 235 236 237 238 239 240 241 242 243 244 245 246 247 248 249 250 251 252 253 254 255 256 257 258 259 260 261 262 263 264 265 266 267 268 269 270 271 272 273 274 275 276 277 278 279 280 281 282 283 284 285 286 287 288 289 290 291 292 293 294 295 296 297 298 299 300 301 302 303 304 305 306 307 308 309 310 311 312 313 314 315 316 317 318 319 320 321 322 323 324 325 326 327 328 329 330 331 332 333 334 335 336 337 338 339 340 341 342 343 344 345 346 347 348 349 350 351 352 353 354 355 356 357 358 359 360 361 362 363 364 365 366 367 368 369 370 371 372 373 374 375 376 377 378 379 380 381 382 383 384 385 386 387 388 389 390 391 392 393 394 395 396 397 398 399 400 401 402 403 404 405 406 407 408 409 410 411 412 413 414 415 416 417 418 419 420 421 422 423 424 425 426 427 428 429 430 431 432 433 434 435 436 437 438 439 440 441 442 443 444 445 446 447 448 449 450 451 452 453 454 455 456 457 458 459 460 461 462 463 464 465 466 467 468 469 470 471 472 473 474 475 476 477 478 479 480 481 482 483 484 485 486 487 488 489 490 491 492 493 494 495 496 497 498 499 500 501 502 503 504 505 506 507 508 509 510 511 512 513 514 515 516 517 518 519 520 521 522 523 524 525 526 527 528 529 530 531 532 533 534 535 536 537 538 539 540 541 542 543 544 545 546 547 548 549 550 551 552 553 554 555 556 557 558 559 560 561 562 563 564 565 566 567 568 569 570 571 572 573 574 575 576 577 578 579 580 581 582 583 584 585 586 587 588 
 done.
 Now appending opt.xyz file with new structures
 running RMSDs...
 done.
 E lowest :   -44.79095
 548 structures remain within    12.00 kcal/mol window
 
 -------------------------------------
 2. optimization with tight thresholds
 -------------------------------------
 writing TMPCONF* Dirs from file "crest_rotamers_1.xyz" ... done.
 Starting optimization of generated structures
 549 jobs to do.
 1 2 3 4 5 6 7 8 9 10 11 12 13 14 15 16 17 18 19 20 21 22 23 24 25 26 27 28 29 30 31 32 33 34 35 36 37 38 39 40 41 42 43 44 45 46 47 48 49 50 51 52 53 54 55 56 57 58 59 60 61 62 63 64 65 66 67 68 69 70 71 72 73 74 75 76 77 78 79 80 81 82 83 84 85 86 87 88 89 90 91 92 93 94 95 96 97 98 99 100 101 102 103 104 105 106 107 108 109 110 111 112 113 114 115 116 117 118 119 120 121 122 123 124 125 126 127 128 129 130 131 132 133 134 135 136 137 138 139 140 141 142 143 144 145 146 147 148 149 150 151 152 153 154 155 156 157 158 159 160 161 162 163 164 165 166 167 168 169 170 171 172 173 174 175 176 177 178 179 180 181 182 183 184 185 186 187 188 189 190 191 192 193 194 195 196 197 198 199 200 201 202 203 204 205 206 207 208 209 210 211 212 213 214 215 216 217 218 219 220 221 222 223 224 225 226 227 228 229 230 231 232 233 234 235 236 237 238 239 240 241 242 243 244 245 246 247 248 249 250 251 252 253 254 255 256 257 258 259 260 261 262 263 264 265 266 267 268 269 270 271 272 273 274 275 276 277 278 279 280 281 282 283 284 285 286 287 288 289 290 291 292 293 294 295 296 297 298 299 300 301 302 303 304 305 306 307 308 309 310 311 312 313 314 315 316 317 318 319 320 321 322 323 324 325 326 327 328 329 330 331 332 333 334 335 336 337 338 339 340 341 342 343 344 345 346 347 348 349 350 351 352 353 354 355 356 357 358 359 360 361 362 363 364 365 366 367 368 369 370 371 372 373 374 375 376 377 378 379 380 381 382 383 384 385 386 387 388 389 390 391 392 393 394 395 396 397 398 399 400 401 402 403 404 405 406 407 408 409 410 411 412 413 414 415 416 417 418 419 420 421 422 423 424 425 426 427 428 429 430 431 432 433 434 435 436 437 438 439 440 441 442 443 444 445 446 447 448 449 450 451 452 453 454 455 456 457 458 459 460 461 462 463 464 465 466 467 468 469 470 471 472 473 474 475 476 477 478 479 480 481 482 483 484 485 486 487 488 489 490 491 492 493 494 495 496 497 498 499 500 501 502 503 504 505 506 507 508 509 510 511 512 513 514 515 516 517 518 519 520 521 522 523 524 525 526 527 528 529 530 531 532 533 534 535 536 537 538 539 540 541 542 543 544 545 546 547 548 549 
 done.
 Now appending opt.xyz file with new structures
 running RMSDs...
 done.
 E lowest :   -44.79148
 232 structures remain within     6.00 kcal/mol window
 
========================================
            MTD Iterations done         
========================================
 Collecting ensmbles.
 running RMSDs...
 done.
 E lowest :   -44.79148
 410 structures remain within     6.00 kcal/mol window
 
-----------------------------------------------
Additional regular MDs on lowest 4 conformer(s)
-----------------------------------------------
Starting MD   1 with the settings:
     MD time /ps        :     2.5
     MD Temperature /K  :   400.0
     dt /fs             :     5.0
     dumpstep(trj) /fs  :     100
*MD 1 finished*
Starting MD   2 with the settings:
     MD time /ps        :     2.5
     MD Temperature /K  :   500.0
     dt /fs             :     5.0
     dumpstep(trj) /fs  :     100
*MD 2 finished*
Starting MD   3 with the settings:
     MD time /ps        :     2.5
     MD Temperature /K  :   400.0
     dt /fs             :     5.0
     dumpstep(trj) /fs  :     100
*MD 3 finished*
Starting MD   4 with the settings:
     MD time /ps        :     2.5
     MD Temperature /K  :   500.0
     dt /fs             :     5.0
     dumpstep(trj) /fs  :     100
*MD 4 finished*
Starting MD   5 with the settings:
     MD time /ps        :     2.5
     MD Temperature /K  :   400.0
     dt /fs             :     5.0
     dumpstep(trj) /fs  :     100
*MD 5 finished*
Starting MD   6 with the settings:
     MD time /ps        :     2.5
     MD Temperature /K  :   500.0
     dt /fs             :     5.0
     dumpstep(trj) /fs  :     100
*MD 6 finished*
Starting MD   7 with the settings:
     MD time /ps        :     2.5
     MD Temperature /K  :   400.0
     dt /fs             :     5.0
     dumpstep(trj) /fs  :     100
*MD 7 finished*
Starting MD   8 with the settings:
     MD time /ps        :     2.5
     MD Temperature /K  :   500.0
     dt /fs             :     5.0
     dumpstep(trj) /fs  :     100
*MD 8 finished*
 Appending file crest_rotamers_1.xyz with new structures
 
 -------------------------------------------
 Ensemble optimization with tight thresholds
 -------------------------------------------
 writing TMPCONF* Dirs from file "crest_rotamers_1.xyz" ... done.
 Starting optimization of generated structures
 602 jobs to do.
 1 2 3 4 5 6 7 8 9 10 11 12 13 14 15 16 17 18 19 20 21 22 23 24 25 26 27 28 29 30 31 32 33 34 35 36 37 38 39 40 41 42 43 44 45 46 47 48 49 50 51 52 53 54 55 56 57 58 59 60 61 62 63 64 65 66 67 68 69 70 71 72 73 74 75 76 77 78 79 80 81 82 83 84 85 86 87 88 89 90 91 92 93 94 95 96 97 98 99 100 101 102 103 104 105 106 107 108 109 110 111 112 113 114 115 116 117 118 119 120 121 122 123 124 125 126 127 128 129 130 131 132 133 134 135 136 137 138 139 140 141 142 143 144 145 146 147 148 149 150 151 152 153 154 155 156 157 158 159 160 161 162 163 164 165 166 167 168 169 170 171 172 173 174 175 176 177 178 179 180 181 182 183 184 185 186 187 188 189 190 191 192 193 194 195 196 197 198 199 200 201 202 203 204 205 206 207 208 209 210 211 212 213 214 215 216 217 218 219 220 221 222 223 224 225 226 227 228 229 230 231 232 233 234 235 236 237 238 239 240 241 242 243 244 245 246 247 248 249 250 251 252 253 254 255 256 257 258 259 260 261 262 263 264 265 266 267 268 269 270 271 272 273 274 275 276 277 278 279 280 281 282 283 284 285 286 287 288 289 290 291 292 293 294 295 296 297 298 299 300 301 302 303 304 305 306 307 308 309 310 311 312 313 314 315 316 317 318 319 320 321 322 323 324 325 326 327 328 329 330 331 332 333 334 335 336 337 338 339 340 341 342 343 344 345 346 347 348 349 350 351 352 353 354 355 356 357 358 359 360 361 362 363 364 365 366 367 368 369 370 371 372 373 374 375 376 377 378 379 380 381 382 383 384 385 386 387 388 389 390 391 392 393 394 395 396 397 398 399 400 401 402 403 404 405 406 407 408 409 410 411 412 413 414 415 416 417 418 419 420 421 422 423 424 425 426 427 428 429 430 431 432 433 434 435 436 437 438 439 440 441 442 443 444 445 446 447 448 449 450 451 452 453 454 455 456 457 458 459 460 461 462 463 464 465 466 467 468 469 470 471 472 473 474 475 476 477 478 479 480 481 482 483 484 485 486 487 488 489 490 491 492 493 494 495 496 497 498 499 500 501 502 503 504 505 506 507 508 509 510 511 512 513 514 515 516 517 518 519 520 521 522 523 524 525 526 527 528 529 530 531 532 533 534 535 536 537 538 539 540 541 542 543 544 545 546 547 548 549 550 551 552 553 554 555 556 557 558 559 560 561 562 563 564 565 566 567 568 569 570 571 572 573 574 575 576 577 578 579 580 581 582 583 584 585 586 587 588 589 590 591 592 593 594 595 596 597 598 599 600 601 602 
 done.
 Now appending opt.xyz file with new structures
 running RMSDs...
 done.
 E lowest :   -44.79148
 424 structures remain within     6.00 kcal/mol window
 
 
     ========================================
     |        Structure Crossing (GC)       |
     ========================================
 =============================
  # threads =           1
 =============================
 input  file name : crest_rotamers_3.xyz
number of atoms                :    33
number of points on xyz files  :   424
conformer energy window  /kcal :    6.00
CN per atom difference cut-off :  0.3000
RMSD threshold                 :  0.2500
max. # of generated structures : 250
 reading xyz file ...
 # in E window                424
 generating pairs ...       90099
  23.6 % done
  47.2 % done
  70.8 % done
  94.3 % done
 generated pairs           :       64528
 number of clash discarded :       25148
 average rmsd w.r.t input  : 3.62000
 sd of ensemble            : 0.92871
 number of new structures      :          32
 removed identical structures  :         468
 writing           32  TMPCONF* dirs ...
 --------------------------
 GC: loose pre-optimization
 --------------------------
 Starting optimization of generated structures
 32 jobs to do.
 1 2 3 4 5 6 7 8 9 10 11 12 13 14 15 16 17 18 19 20 21 22 23 24 25 26 27 28 29 30 31 32 
 done.
 Now appending opt.xyz file with new structures
 running RMSDs...
 done.
 E lowest :   -44.79146
 13 structures remain within    10.00 kcal/mol window
 --------------------------------------
 GC: optimization with tight thresholds
 --------------------------------------
 writing TMPCONF* Dirs from file "crest_rotamers_1.xyz" ... done.
 Starting optimization of generated structures
 13 jobs to do.
 1 2 3 4 5 6 7 8 9 10 11 12 13 
 done.
 Now appending opt.xyz file with new structures
 running RMSDs...
 done.
 E lowest :   -44.79148
 
 
   ================================================
   |           Final Geometry Optimization        |
   ================================================
 ---------------------
 Ensemble optimization
 ---------------------
 writing TMPCONF* Dirs from file "crest_rotamers_4.xyz" ... done.
 Starting optimization of generated structures
 425 jobs to do.
 1 2 3 4 5 6 7 8 9 10 11 12 13 14 15 16 17 18 19 20 21 22 23 24 25 26 27 28 29 30 31 32 33 34 35 36 37 38 39 40 41 42 43 44 45 46 47 48 49 50 51 52 53 54 55 56 57 58 59 60 61 62 63 64 65 66 67 68 69 70 71 72 73 74 75 76 77 78 79 80 81 82 83 84 85 86 87 88 89 90 91 92 93 94 95 96 97 98 99 100 101 102 103 104 105 106 107 108 109 110 111 112 113 114 115 116 117 118 119 120 121 122 123 124 125 126 127 128 129 130 131 132 133 134 135 136 137 138 139 140 141 142 143 144 145 146 147 148 149 150 151 152 153 154 155 156 157 158 159 160 161 162 163 164 165 166 167 168 169 170 171 172 173 174 175 176 177 178 179 180 181 182 183 184 185 186 187 188 189 190 191 192 193 194 195 196 197 198 199 200 201 202 203 204 205 206 207 208 209 210 211 212 213 214 215 216 217 218 219 220 221 222 223 224 225 226 227 228 229 230 231 232 233 234 235 236 237 238 239 240 241 242 243 244 245 246 247 248 249 250 251 252 253 254 255 256 257 258 259 260 261 262 263 264 265 266 267 268 269 270 271 272 273 274 275 276 277 278 279 280 281 282 283 284 285 286 287 288 289 290 291 292 293 294 295 296 297 298 299 300 301 302 303 304 305 306 307 308 309 310 311 312 313 314 315 316 317 318 319 320 321 322 323 324 325 326 327 328 329 330 331 332 333 334 335 336 337 338 339 340 341 342 343 344 345 346 347 348 349 350 351 352 353 354 355 356 357 358 359 360 361 362 363 364 365 366 367 368 369 370 371 372 373 374 375 376 377 378 379 380 381 382 383 384 385 386 387 388 389 390 391 392 393 394 395 396 397 398 399 400 401 402 403 404 405 406 407 408 409 410 411 412 413 414 415 416 417 418 419 420 421 422 423 424 425 
 done.
 Now appending opt.xyz file with new structures
 running RMSDs...
 done.
 E lowest :   -44.79148
 401 structures remain within     6.00 kcal/mol window
 
-------------------------------------
CREGEN - CONFORMER SYMMETRY ANALYSIS
-------------------------------------
 =============================
  # threads =           1
 =============================
 input  file name : crest_rotamers_5.xyz
 output file name : crest_rotamers_6.xyz
 number of atoms                :    33
 number of points on xyz files  :   425
 RMSD threshold                 :   0.1250
 Bconst threshold               :  15.0000
 population threshold           :   0.0500
 conformer energy window  /kcal :   6.0000
 # fragment in coord            :     1
 number of reliable points      :   425
 reference state Etot :  -44.7914784641000
 number of doubles removed by rot/RMSD         :          24
 total number unique points considered further :         401
   Erel/kcal     Etot      weight/tot conformer  set degen    origin
    1   0.000   -44.79148    0.02153    0.38735    1   18     mtd10
    2   0.000   -44.79148    0.02153                          md2
    3   0.000   -44.79148    0.02153                          mtd7
    4   0.000   -44.79148    0.02153                          mtd8
    5   0.000   -44.79148    0.02153                          gc
    6   0.000   -44.79148    0.02153                          mtd4
    7   0.000   -44.79148    0.02153                          mtd5
    8   0.000   -44.79148    0.02153                          mtd3
    9   0.000   -44.79148    0.02153                          gc
   10   0.000   -44.79148    0.02153                          mtd6
   11   0.000   -44.79148    0.02153                          mtd9
   12   0.000   -44.79148    0.02152                          md1
   13   0.000   -44.79148    0.02152                          mtd4
   14   0.000   -44.79148    0.02152                          mtd2
   15   0.001   -44.79148    0.02152                          mtd12
   16   0.001   -44.79148    0.02151                          mtd4
   17   0.001   -44.79148    0.02150                          mtd10
   18   0.003   -44.79147    0.02143                          mtd12
   19   0.483   -44.79071    0.00954    0.11440    2   12     mtd7
   20   0.483   -44.79071    0.00954                          mtd13
   21   0.483   -44.79071    0.00954                          mtd13
   22   0.483   -44.79071    0.00954                          mtd11
   23   0.483   -44.79071    0.00954                          mtd13
   24   0.483   -44.79071    0.00954                          mtd8
   25   0.483   -44.79071    0.00954                          mtd6
   26   0.483   -44.79071    0.00953                          mtd7
   27   0.483   -44.79071    0.00953                          mtd8
   28   0.483   -44.79071    0.00953                          mtd6
   29   0.484   -44.79071    0.00951                          mtd13
   30   0.485   -44.79071    0.00951                          mtd7
   31   0.603   -44.79052    0.00780    0.13997    3   18     md5
   32   0.603   -44.79052    0.00779                          mtd2
   33   0.603   -44.79052    0.00779                          mtd14
   34   0.603   -44.79052    0.00779                          mtd6
   35   0.603   -44.79052    0.00779                          mtd12
   36   0.603   -44.79052    0.00779                          mtd2
   37   0.603   -44.79052    0.00779                          mtd2
   38   0.603   -44.79052    0.00779                          mtd10
   39   0.603   -44.79052    0.00779                          mtd6
   40   0.603   -44.79052    0.00779                          mtd10
   41   0.603   -44.79052    0.00779                          mtd4
   42   0.604   -44.79052    0.00778                          mtd7
   43   0.604   -44.79052    0.00778                          mtd10
   44   0.604   -44.79052    0.00777                          mtd6
   45   0.605   -44.79051    0.00776                          mtd4
   46   0.605   -44.79051    0.00776                          mtd6
   47   0.606   -44.79051    0.00775                          mtd10
   48   0.612   -44.79050    0.00767                          mtd10
   49   0.826   -44.79016    0.00535    0.07483    4   14     md8
   50   0.826   -44.79016    0.00535                          mtd1
   51   0.826   -44.79016    0.00535                          mtd14
   52   0.826   -44.79016    0.00535                          md7
   53   0.826   -44.79016    0.00535                          mtd10
   54   0.826   -44.79016    0.00535                          mtd10
   55   0.826   -44.79016    0.00535                          mtd10
   56   0.826   -44.79016    0.00535                          mtd1
   57   0.826   -44.79016    0.00535                          mtd10
   58   0.826   -44.79016    0.00535                          mtd10
   59   0.826   -44.79016    0.00534                          mtd10
   60   0.827   -44.79016    0.00534                          mtd1
   61   0.827   -44.79016    0.00534                          mtd8
   62   0.828   -44.79016    0.00533                          mtd10
   63   1.087   -44.78975    0.00345    0.02755    5    8     mtd13
   64   1.087   -44.78975    0.00345                          mtd4
   65   1.087   -44.78975    0.00345                          mtd13
   66   1.087   -44.78975    0.00344                          mtd11
   67   1.087   -44.78975    0.00344                          mtd4
   68   1.087   -44.78975    0.00344                          mtd8
   69   1.087   -44.78975    0.00344                          mtd4
   70   1.087   -44.78975    0.00344                          mtd2
   71   1.279   -44.78944    0.00249    0.04233    6   17     mtd7
   72   1.279   -44.78944    0.00249                          mtd8
   73   1.279   -44.78944    0.00249                          mtd8
   74   1.279   -44.78944    0.00249                          mtd8
   75   1.279   -44.78944    0.00249                          mtd7
   76   1.279   -44.78944    0.00249                          mtd14
   77   1.279   -44.78944    0.00249                          mtd7
   78   1.279   -44.78944    0.00249                          mtd7
   79   1.279   -44.78944    0.00249                          mtd1
   80   1.279   -44.78944    0.00249                          mtd1
   81   1.279   -44.78944    0.00249                          mtd11
   82   1.279   -44.78944    0.00249                          mtd7
   83   1.279   -44.78944    0.00249                          mtd14
   84   1.279   -44.78944    0.00249                          mtd14
   85   1.280   -44.78944    0.00249                          mtd10
   86   1.280   -44.78944    0.00249                          mtd10
   87   1.282   -44.78944    0.00248                          mtd12
   88   1.426   -44.78921    0.00194    0.01166    7    6     mtd11
   89   1.426   -44.78921    0.00194                          mtd11
   90   1.426   -44.78921    0.00194                          mtd12
   91   1.426   -44.78921    0.00194                          mtd10
   92   1.426   -44.78921    0.00194                          mtd11
   93   1.428   -44.78920    0.00194                          mtd8
   94   1.526   -44.78905    0.00164    0.02950    8   18     mtd1
   95   1.526   -44.78905    0.00164                          mtd2
   96   1.526   -44.78905    0.00164                          mtd9
   97   1.526   -44.78905    0.00164                          mtd2
   98   1.526   -44.78905    0.00164                          mtd6
   99   1.526   -44.78905    0.00164                          mtd3
  100   1.527   -44.78905    0.00164                          mtd12
  101   1.527   -44.78905    0.00164                          mtd3
  102   1.527   -44.78905    0.00164                          mtd10
  103   1.527   -44.78904    0.00164                          mtd4
  104   1.528   -44.78904    0.00164                          mtd1
  105   1.528   -44.78904    0.00164                          mtd1
  106   1.528   -44.78904    0.00164                          mtd12
  107   1.528   -44.78904    0.00164                          mtd2
  108   1.528   -44.78904    0.00164                          mtd9
  109   1.529   -44.78904    0.00164                          mtd1
  110   1.529   -44.78904    0.00163                          mtd9
  111   1.531   -44.78904    0.00163                          mtd1
  112   1.585   -44.78895    0.00149    0.01632    9   11     mtd10
  113   1.586   -44.78895    0.00149                          md8
  114   1.586   -44.78895    0.00149                          mtd4
  115   1.586   -44.78895    0.00149                          mtd4
  116   1.586   -44.78895    0.00149                          mtd4
  117   1.586   -44.78895    0.00148                          mtd4
  118   1.586   -44.78895    0.00148                          md8
  119   1.586   -44.78895    0.00148                          mtd10
  120   1.587   -44.78895    0.00148                          mtd4
  121   1.587   -44.78895    0.00148                          mtd7
  122   1.588   -44.78895    0.00148                          mtd7
  123   1.591   -44.78894    0.00147    0.00147   10    1     mtd7
  124   1.624   -44.78889    0.00139    0.00556   11    4     mtd10
  125   1.625   -44.78889    0.00139                          mtd10
  126   1.626   -44.78889    0.00139                          mtd7
  127   1.626   -44.78889    0.00139                          mtd10
  128   1.727   -44.78873    0.00117    0.01520   12   13     mtd4
  129   1.727   -44.78873    0.00117                          mtd12
  130   1.727   -44.78873    0.00117                          md2
  131   1.727   -44.78873    0.00117                          mtd10
  132   1.727   -44.78873    0.00117                          mtd12
  133   1.727   -44.78873    0.00117                          mtd4
  134   1.727   -44.78873    0.00117                          mtd3
  135   1.727   -44.78873    0.00117                          mtd8
  136   1.728   -44.78872    0.00117                          mtd4
  137   1.728   -44.78872    0.00117                          mtd14
  138   1.729   -44.78872    0.00117                          mtd12
  139   1.729   -44.78872    0.00117                          mtd5
  140   1.729   -44.78872    0.00117                          mtd14
  141   1.752   -44.78869    0.00112    0.01118   13   10     md8
  142   1.752   -44.78869    0.00112                          mtd1
  143   1.753   -44.78869    0.00112                          mtd14
  144   1.753   -44.78869    0.00112                          mtd1
  145   1.753   -44.78868    0.00112                          mtd1
  146   1.753   -44.78868    0.00112                          mtd8
  147   1.753   -44.78868    0.00112                          md8
  148   1.754   -44.78868    0.00112                          md8
  149   1.754   -44.78868    0.00112                          mtd7
  150   1.764   -44.78867    0.00110                          mtd1
  151   1.762   -44.78867    0.00110    0.00768   14    7     mtd12
  152   1.764   -44.78867    0.00110                          mtd12
  153   1.764   -44.78867    0.00110                          mtd12
  154   1.765   -44.78867    0.00110                          mtd11
  155   1.766   -44.78866    0.00110                          mtd12
  156   1.768   -44.78866    0.00109                          mtd8
  157   1.770   -44.78866    0.00109                          mtd12
  158   1.833   -44.78856    0.00098    0.00878   15    9     mtd8
  159   1.833   -44.78856    0.00098                          mtd7
  160   1.833   -44.78856    0.00098                          mtd14
  161   1.833   -44.78856    0.00098                          mtd8
  162   1.833   -44.78856    0.00098                          mtd11
  163   1.833   -44.78856    0.00098                          mtd8
  164   1.837   -44.78855    0.00097                          mtd7
  165   1.837   -44.78855    0.00097                          mtd11
  166   1.841   -44.78855    0.00097                          mtd8
  167   1.897   -44.78846    0.00088    0.01579   16   18     mtd3
  168   1.897   -44.78846    0.00088                          mtd2
  169   1.897   -44.78846    0.00088                          md6
  170   1.897   -44.78846    0.00088                          mtd1
  171   1.897   -44.78846    0.00088                          mtd2
  172   1.897   -44.78846    0.00088                          mtd9
  173   1.897   -44.78845    0.00088                          mtd1
  174   1.897   -44.78845    0.00088                          mtd6
  175   1.897   -44.78845    0.00088                          mtd5
  176   1.898   -44.78845    0.00088                          mtd9
  177   1.898   -44.78845    0.00088                          mtd2
  178   1.898   -44.78845    0.00088                          mtd9
  179   1.898   -44.78845    0.00088                          mtd2
  180   1.898   -44.78845    0.00088                          mtd12
  181   1.898   -44.78845    0.00088                          mtd2
  182   1.899   -44.78845    0.00088                          mtd1
  183   1.899   -44.78845    0.00088                          mtd9
  184   1.903   -44.78845    0.00087                          mtd7
  185   1.935   -44.78840    0.00082    0.01233   17   15     mtd8
  186   1.935   -44.78840    0.00082                          mtd6
  187   1.935   -44.78839    0.00082                          mtd12
  188   1.935   -44.78839    0.00082                          mtd14
  189   1.936   -44.78839    0.00082                          mtd5
  190   1.936   -44.78839    0.00082                          mtd1
  191   1.936   -44.78839    0.00082                          mtd5
  192   1.936   -44.78839    0.00082                          mtd5
  193   1.936   -44.78839    0.00082                          mtd10
  194   1.936   -44.78839    0.00082                          mtd5
  195   1.937   -44.78839    0.00082                          mtd5
  196   1.937   -44.78839    0.00082                          mtd14
  197   1.937   -44.78839    0.00082                          mtd10
  198   1.938   -44.78839    0.00082                          mtd14
  199   1.939   -44.78839    0.00082                          mtd5
  200   1.980   -44.78832    0.00076    0.01297   18   17     mtd14
  201   1.980   -44.78832    0.00076                          mtd14
  202   1.980   -44.78832    0.00076                          mtd12
  203   1.980   -44.78832    0.00076                          mtd7
  204   1.980   -44.78832    0.00076                          md8
  205   1.980   -44.78832    0.00076                          md8
  206   1.980   -44.78832    0.00076                          mtd14
  207   1.980   -44.78832    0.00076                          mtd10
  208   1.980   -44.78832    0.00076                          mtd7
  209   1.981   -44.78832    0.00076                          md8
  210   1.981   -44.78832    0.00076                          mtd12
  211   1.981   -44.78832    0.00076                          mtd7
  212   1.982   -44.78832    0.00076                          md8
  213   1.982   -44.78832    0.00076                          md8
  214   1.983   -44.78832    0.00076                          md8
  215   1.983   -44.78832    0.00076                          md8
  216   1.984   -44.78832    0.00076                          mtd14
  217   1.992   -44.78830    0.00075    0.01261   19   17     mtd12
  218   1.992   -44.78830    0.00075                          mtd13
  219   1.993   -44.78830    0.00075                          mtd7
  220   1.993   -44.78830    0.00075                          mtd14
  221   1.994   -44.78830    0.00075                          mtd10
  222   1.994   -44.78830    0.00075                          mtd4
  223   1.996   -44.78830    0.00074                          mtd8
  224   1.996   -44.78830    0.00074                          mtd13
  225   1.997   -44.78830    0.00074                          mtd11
  226   1.997   -44.78830    0.00074                          mtd8
  227   1.998   -44.78829    0.00074                          mtd10
  228   1.999   -44.78829    0.00074                          mtd5
  229   1.999   -44.78829    0.00074                          mtd12
  230   2.001   -44.78829    0.00074                          mtd4
  231   2.003   -44.78829    0.00073                          mtd10
  232   2.004   -44.78828    0.00073                          mtd5
  233   2.009   -44.78828    0.00073                          mtd5
  234   2.170   -44.78802    0.00055    0.00277   20    5     mtd7
  235   2.170   -44.78802    0.00055                          mtd7
  236   2.170   -44.78802    0.00055                          mtd12
  237   2.171   -44.78802    0.00055                          mtd8
  238   2.171   -44.78802    0.00055                          mtd8
  239   2.179   -44.78801    0.00055    0.01128   21   21     mtd10
  240   2.179   -44.78801    0.00055                          mtd6
  241   2.179   -44.78801    0.00055                          mtd1
  242   2.179   -44.78801    0.00055                          md6
  243   2.179   -44.78801    0.00055                          mtd9
  244   2.180   -44.78800    0.00055                          mtd2
  245   2.180   -44.78800    0.00055                          mtd2
  246   2.180   -44.78800    0.00054                          mtd9
  247   2.180   -44.78800    0.00054                          mtd3
  248   2.181   -44.78800    0.00054                          mtd9
  249   2.181   -44.78800    0.00054                          mtd12
  250   2.182   -44.78800    0.00054                          mtd8
  251   2.182   -44.78800    0.00054                          mtd9
  252   2.182   -44.78800    0.00054                          mtd9
  253   2.183   -44.78800    0.00054                          mtd6
  254   2.188   -44.78799    0.00054                          mtd3
  255   2.191   -44.78799    0.00053                          md6
  256   2.204   -44.78797    0.00052                          mtd6
  257   2.210   -44.78796    0.00052                          mtd1
  258   2.225   -44.78793    0.00051                          mtd6
  259   2.245   -44.78790    0.00049                          mtd9
  260   2.187   -44.78799    0.00054    0.00160   22    3     md4
  261   2.187   -44.78799    0.00054                          mtd11
  262   2.202   -44.78797    0.00053                          mtd11
  263   2.207   -44.78796    0.00052    0.00052   23    1     md8
  264   2.227   -44.78793    0.00050    0.01258   24   26     mtd11
  265   2.231   -44.78792    0.00050                          mtd8
  266   2.233   -44.78792    0.00050                          mtd3
  267   2.234   -44.78792    0.00050                          mtd9
  268   2.237   -44.78791    0.00050                          mtd2
  269   2.240   -44.78791    0.00049                          mtd2
  270   2.243   -44.78790    0.00049                          mtd9
  271   2.244   -44.78790    0.00049                          mtd1
  272   2.247   -44.78790    0.00049                          mtd5
  273   2.249   -44.78790    0.00049                          mtd12
  274   2.250   -44.78789    0.00048                          mtd6
  275   2.251   -44.78789    0.00048                          mtd13
  276   2.252   -44.78789    0.00048                          mtd6
  277   2.254   -44.78789    0.00048                          mtd9
  278   2.255   -44.78788    0.00048                          mtd12
  279   2.255   -44.78788    0.00048                          mtd9
  280   2.256   -44.78788    0.00048                          md6
  281   2.257   -44.78788    0.00048                          mtd5
  282   2.257   -44.78788    0.00048                          mtd3
  283   2.258   -44.78788    0.00048                          md6
  284   2.260   -44.78788    0.00048                          mtd1
  285   2.261   -44.78787    0.00048                          mtd5
  286   2.264   -44.78787    0.00047                          mtd6
  287   2.264   -44.78787    0.00047                          mtd1
  288   2.266   -44.78787    0.00047                          mtd6
  289   2.278   -44.78785    0.00046                          mtd12
  290   2.342   -44.78775    0.00041    0.00494   25   12     mtd7
  291   2.343   -44.78774    0.00041                          mtd7
  292   2.343   -44.78774    0.00041                          mtd7
  293   2.343   -44.78774    0.00041                          mtd14
  294   2.343   -44.78774    0.00041                          mtd12
  295   2.345   -44.78774    0.00041                          mtd11
  296   2.346   -44.78774    0.00041                          mtd14
  297   2.348   -44.78774    0.00041                          mtd8
  298   2.348   -44.78774    0.00041                          mtd7
  299   2.352   -44.78773    0.00041                          mtd11
  300   2.352   -44.78773    0.00041                          mtd14
  301   2.355   -44.78773    0.00041                          mtd7
  302   2.396   -44.78766    0.00038    0.00114   26    3     mtd4
  303   2.397   -44.78766    0.00038                          mtd13
  304   2.397   -44.78766    0.00038                          mtd13
  305   2.466   -44.78755    0.00034    0.00134   27    4     mtd10
  306   2.466   -44.78755    0.00034                          mtd11
  307   2.467   -44.78755    0.00034                          mtd11
  308   2.471   -44.78754    0.00033                          mtd11
  309   2.481   -44.78752    0.00033    0.00061   28    2     mtd1
  310   2.577   -44.78737    0.00028                          mtd5
  311   2.515   -44.78747    0.00031    0.00031   29    1     mtd3
  312   2.571   -44.78738    0.00028    0.00533   30   21     mtd12
  313   2.576   -44.78737    0.00028                          mtd9
  314   2.576   -44.78737    0.00028                          mtd3
  315   2.576   -44.78737    0.00028                          mtd4
  316   2.576   -44.78737    0.00028                          mtd12
  317   2.577   -44.78737    0.00028                          mtd4
  318   2.577   -44.78737    0.00028                          mtd2
  319   2.578   -44.78737    0.00028                          mtd5
  320   2.583   -44.78736    0.00028                          mtd10
  321   2.583   -44.78736    0.00028                          mtd10
  322   2.584   -44.78736    0.00028                          mtd5
  323   2.589   -44.78735    0.00027                          mtd11
  324   2.619   -44.78731    0.00026                          mtd2
  325   2.677   -44.78721    0.00024                          mtd9
  326   2.679   -44.78721    0.00024                          mtd3
  327   2.711   -44.78716    0.00022                          mtd5
  328   2.740   -44.78711    0.00021                          mtd12
  329   2.752   -44.78709    0.00021                          mtd12
  330   2.756   -44.78709    0.00021                          mtd5
  331   2.762   -44.78708    0.00020                          mtd5
  332   2.769   -44.78707    0.00020                          mtd5
  333   2.643   -44.78727    0.00025    0.00199   31    8     mtd7
  334   2.644   -44.78727    0.00025                          mtd7
  335   2.644   -44.78727    0.00025                          mtd7
  336   2.644   -44.78726    0.00025                          mtd7
  337   2.644   -44.78726    0.00025                          mtd7
  338   2.645   -44.78726    0.00025                          mtd12
  339   2.645   -44.78726    0.00025                          mtd14
  340   2.647   -44.78726    0.00025                          mtd7
  341   2.724   -44.78714    0.00022    0.00109   32    5     md3
  342   2.725   -44.78714    0.00022                          md3
  343   2.726   -44.78714    0.00022                          md3
  344   2.726   -44.78713    0.00022                          mtd11
  345   2.728   -44.78713    0.00022                          mtd11
  346   2.744   -44.78711    0.00021    0.00021   33    1     mtd6
  347   2.752   -44.78709    0.00021    0.00042   34    2     mtd1
  348   2.753   -44.78709    0.00021                          mtd1
  349   2.789   -44.78703    0.00020    0.00234   35   12     mtd10
  350   2.789   -44.78703    0.00020                          mtd10
  351   2.789   -44.78703    0.00020                          mtd1
  352   2.789   -44.78703    0.00020                          mtd1
  353   2.790   -44.78703    0.00020                          mtd8
  354   2.790   -44.78703    0.00020                          mtd1
  355   2.790   -44.78703    0.00019                          mtd1
  356   2.790   -44.78703    0.00019                          mtd10
  357   2.790   -44.78703    0.00019                          mtd8
  358   2.790   -44.78703    0.00019                          mtd10
  359   2.791   -44.78703    0.00019                          mtd12
  360   2.792   -44.78703    0.00019                          mtd1
  361   2.904   -44.78685    0.00016    0.00144   36    9     mtd7
  362   2.904   -44.78685    0.00016                          mtd11
  363   2.905   -44.78685    0.00016                          mtd7
  364   2.905   -44.78685    0.00016                          mtd11
  365   2.905   -44.78685    0.00016                          mtd14
  366   2.905   -44.78685    0.00016                          mtd7
  367   2.905   -44.78685    0.00016                          mtd11
  368   2.906   -44.78685    0.00016                          mtd11
  369   2.908   -44.78684    0.00016                          mtd11
  370   3.022   -44.78666    0.00013    0.00026   37    2     mtd10
  371   3.023   -44.78666    0.00013                          mtd7
  372   3.118   -44.78651    0.00011    0.00162   38   15     mtd12
  373   3.118   -44.78651    0.00011                          mtd11
  374   3.118   -44.78651    0.00011                          mtd12
  375   3.118   -44.78651    0.00011                          mtd1
  376   3.118   -44.78651    0.00011                          mtd4
  377   3.119   -44.78651    0.00011                          mtd12
  378   3.119   -44.78651    0.00011                          mtd5
  379   3.119   -44.78651    0.00011                          mtd11
  380   3.120   -44.78651    0.00011                          mtd11
  381   3.121   -44.78650    0.00011                          mtd12
  382   3.124   -44.78650    0.00011                          mtd12
  383   3.132   -44.78649    0.00011                          mtd5
  384   3.212   -44.78636    0.00010                          mtd12
  385   3.221   -44.78635    0.00009                          mtd3
  386   3.232   -44.78633    0.00009                          mtd10
  387   3.284   -44.78624    0.00008    0.00034   39    4     mtd11
  388   3.284   -44.78624    0.00008                          mtd7
  389   3.286   -44.78624    0.00008                          mtd10
  390   3.293   -44.78623    0.00008                          mtd11
  391   3.383   -44.78609    0.00007    0.00022   40    3     mtd2
  392   3.383   -44.78609    0.00007                          mtd2
  393   3.383   -44.78609    0.00007                          mtd11
  394   3.403   -44.78606    0.00007    0.00007   41    1     mtd12
  395   3.907   -44.78525    0.00003    0.00006   42    2     mtd6
  396   3.920   -44.78523    0.00003                          mtd2
  397   4.532   -44.78426    0.00001    0.00004   43    4     mtd11
  398   4.532   -44.78426    0.00001                          mtd7
  399   4.534   -44.78425    0.00001                          mtd12
  400   4.534   -44.78425    0.00001                          mtd7
  401   4.737   -44.78393    0.00001    0.00001   44    1     mtd14
T /K                                  :   298.15
E lowest                              :   -44.79148
ensemble average energy (kcal)        :    0.692
ensemble entropy (J/mol K, cal/mol K) :   41.612    9.946
ensemble free energy (kcal/mol)       :   -2.965
population of lowest in %             :   38.735
 number of unique conformers for further calc           44
 list of relative energies saved as "crest.energies"
 Normal termination.
 
 -----------------
 Wall Time Summary
 -----------------
             test MD wall time :         0h : 0m :11s
                 MTD wall time :         0h :23m :37s
      multilevel OPT wall time :         1h :12m :36s
                  MD wall time :         0h :13m :38s
                  GC wall time :         0h : 0m :41s
--------------------
Overall wall time  : 1h :59m : 0s
 
 CREST terminated normally.
