1 [x3;r{-8}:1]@;~[A;x3;r3:2]@;-[A;x2;r3:3]@;~[!#1;r{-8}:4]
2 [!#1;r{-8}:1]@;~[A;r3:2]@;-[A;r3:3]@;~[!#1;r{-8}:4]
3 [!#1;r{-4}:1]1@[C;r{-4}:2]@;-[C;r{-4}:3]@[!#1;r{-4}:4]1
4 [!#1;r{-4}:1]@[A;r{-4}:2]@;-[!#1;r{5-8}:3]@[!#1;r{5-8}:4]
5 [!#1;r{5-8}:1]@[C^2;r{5-8}:2]@;-[C^2;r{5-8}:3]@[!#1;r{5-8}:4]
6 [!#1;r5:1]@;=,:[C^2;r5:2]@;-[C;r5:3]@[!#1;r5:4]
7 [!#1;r{5-6}:1]@;=,:[C^2;r{5-6}:2]@;-[C;r{5-6}:3]@[!#1;r{5-6}:4]
8 [!#1;r{5-8}:1]@;=,:[C^2;r{5-8}:2]@;-[C;r{5-8}:3]@[!#1;r{5-8}:4]
9 [!#1;r{5-8}:1]@[C^2;r5:2]@;-[C;r5:3]@[!#1;r{5-8}:4]
10 [!#1;r{5-8}:1]@[C^2;r{5-6}:2]@;-[C;r{5-6}:3]@[!#1;r{5-8}:4]
11 [!#1;r{5-8}:1]@[C^2;r{5-8}:2]@;-[C;r{5-8}:3]@[!#1;r{5-8}:4]
12 [!#1;R3;r{5-8}:1]@[CX4;R2;r{5-8}:2]@;-[CX4;R2;r{5-8}:3]@[!#1;R3;r{5-8}:4]
13 [!#1;R2;r5:1]@[CX4;R1;r5:2]@;-[CX4;R1;r5:3]@[!#1;R2;r5:4]
14 [!#1;R2;r{5-6}:1]@[CX4;R1;r{5-6}:2]@;-[CX4;R1;r{5-6}:3]@[!#1;R2;r{5-6}:4]
15 [!#1]1@[x3;r5:1]@[CX4;x2;r5:2]@;-[CX4;x3;r5:3]@[!#1;r5:4]1
16 [!#1]1@[x3;r5:1]@[CX4;r5:2]@;-[CX4;r5:3]@[x3;r5:4]1
17 [!#1]1@[x3;r{5-6}:1]@[CX4;r5:2]@;-[CX4;r5:3]@[x3;r{5-6}:4]@[!#1]1
18 [!#1]1@[x3;C^2,c,r3;r{5-6}:1]@[CX4;r{5-6}:2]@;-[CX4;r{5-6}:3]@[x3;r{5-6}:4]@[!#1]1
19 [!#1]1@[x3;r{5-6}:1]@[CX4;r{5-6}:2]@;-[CX4;r{5-6}:3]@[x3;r{5-6}:4]@[!#1]1
20 [CX4;r{5-7}:1]1@[CX4;r{5-7}:2]@;-[CX4;x3;r{5-7}:3]@[!#1;r{5-7}:4]@[!#1]@[!#1]@[!#1]1
21 [CX4;r{5-8}:1]1@[CX4;r{5-8}:2]@;-[CX4;x3;r{5-8}:3]@[!#1;r{5-8}:4]@[!#1]@[!#1]@[!#1]@[!#1]1
22 [C^2,a;r{5-8}:1]@[CX4;x2;r5:2]@;-[CX4;x2;r5:3]@[!#1;r{5-8}:4][C^2,a]
23 [!#1;r{5-8}:1]@[CX4;x3;r{5-8}:2]@;-[CX4;r{5-8}:3]@[!#1;r{5-8}:4]
24 [!#1]1@[!#1;R1;r5:1]@[CX4;R2;r5:2]@;-[CX4;R2;r5:3]@[!#1;R1;r5:4]1
25 [C^2,a;r{5-8}][C^2,a;r{5-8}:1]@[CX4;r{5-8}:2]@;-[CX4;r{5-8}:3]@[!#1;r{5-8}:4]
26 [!#1;r5:1]@[CX4;r5:2]@;-[CX4;r5:3]@[!#1;r5:4]
27 [C^2,c,x4;r{5-8}:1]@[CX4;r{5-8}:2]@;-[CX4;r{5-8}:3]@[!#1;r{5-8}:4]
28 [!#1;r{5-8}:1]@[CX4;r{5-8}:2]@;-[CX4;r{5-8}:3]@[!#1;r{5-8}:4]
29 [!#1;r{5-8}:1]@[C;r{5-8}:2]@;-[C;r{5-8}:3]@[!#1;r{5-8}:4]
30 [!#1;r{5-8}:1]@[C;r5:2]@;-[a;r{5-6}:3]@[!#1;r{5-8}:4]
31 [!#1;r{5-8}:1]@[C;r{5-6}:2]@;-[a;r{5-6}:3]@[!#1;r{5-8}:4]
32 [!#1;r{5-8}:1]@[C;r{5-8}:2]@;-[a;r{5-8}:3]@[!#1;r{5-8}:4]
33 [a;r5:1]@[c;r5:2]@;-[N;r{5-6}:3]@[!#1;r{5-8}:4]
34 [a;r{5-6}:1]@[c;r{5-6}:2]@;-[N;r{5-6}:3]@[!#1;r{5-8}:4]
35 [a;r{5-8}:1]@[c;r{5-8}:2]@;-[N;r{5-8}:3]@[!#1;r{5-8}:4]
36 [!#1;r{5-8}:1]@[C^2;r{5-8}:2]@;-[N;r{5-8}:3]@[!#1;r{5-8}:4]
37 [!#1;r{5-8}:1]@[C;r{5-8}:2]@;-[NX2;r{5-8}:3]@[!#1;r{5-8}:4]
38 [!#1;r{5-8}:1]@[CX4;r5:2]@;-[ND3;r5:3]@[!#1;r{5-8}:4]
39 [!#1;r{5-8}:1]@[CX4;r{5-6}:2]@;-[ND3;r{5-6}:3]@[C;r{5-8}:4]=O
40 [C^2,c,r5;r{5-8}:1]@[CX4;r{5-6}:2]@;-[ND3;r{5-6}:3]@[!#1;r{5-8}:4]
41 [!#1;r{5-8}:1]@[CX4;r{5-6}:2]@;-[ND3;r{5-6}:3]@[!#1;r{5-8}:4]@[C^2,c,r5;r{5-8}]
42 [!#1;r{5-8}:1]@[CX4;r{5-6}:2]@;-[ND3;r{5-6}:3]@[!#1;!#6;r{5-8}:4]
43 [!#1;r{5-8}:1]@[CX4;r{5-6}:2]@;-[ND3;r{5-6}:3]@[C^2,c;r{5-8}:4]
44 [!#1;r{5-8}:1]@[CX4;r{5-6}:2]@;-[ND3;r{5-6}:3]([C^2,c])[!#1;r{5-8}:4]
45 [!#1;r{5-8}:1]@[CX4;r{5-6}:2]@;-[ND3;r{5-6}:3]@[!#1;r{5-8}:4]
46 [!#1;r{5-8}:1]@[CX4;r{5-8}:2]@;-[ND3;r{5-8}:3]@[C;r{5-8}:4]=O
47 [!#1;r{5-8}:1]@[CX4;r{5-8}:2]@;-[ND3;r{5-8}:3](C=O)[!#1;r{5-8}:4]
48 [!#1;r{5-8}:1]@[CX4;r{5-8}:2]@;-[ND3;r{5-8}:3]@[!#1;r{5-8}:4]
49 [!#1;r{5-8}:1]@[CX4;r{5-8}:2]@;-[N;r{5-8}:3]@[!#1;r{5-8}:4]
50 [!#1;r{5-8}:1]@[C;r{5-8}:2]@;-[N;r{5-8}:3]@[!#1;r{5-8}:4]
51 [!#1;r{5-8}:1]@[C^2,c;r{5-8}:2]@;-[O;r{5-8}:3]@[!#1;r{5-8}:4]
52 [!#1;r{5-8}:1]@[CX4;r5:2]@;-[O;r5:3]@[!#1;r{5-8}:4]
53 [!#1;r{5-8}:1]@[CX4;r{5-6}:2]@;-[O;r{5-6}:3]@[C^2,c;r{5-8}:4]
54 [!#1;r{5-8}:1]@[CX4;r{5-6}:2]@;-[O;r{5-6}:3]@[!#1;r{5-8}:4]
55 [!#1;r{5-8}:1]@[C;r{5-8}:2]@;-[O;r{5-8}:3]@[!#1;r{5-8}:4]
56 [!#1;r{5-8}:1]@[C^2,c;r{5-8}:2]@;-[S;r{5-8}:3]@[!#1;r{5-8}:4]
57 [!#1;r{5-8}:1]@[CX4;r5:2]@;-[S;r5:3]@[!#1;r{5-8}:4]
58 [!#1;r{5-8}:1]@[CX4;r{5-6}:2]@;-[S;r{5-6}:3]@[!#1;r{5-8}:4]
59 [!#1;r{5-8}:1]@[CX4;r{5-8}:2]@;-[S;r{5-8}:3]@[!#1;r{5-8}:4]
60 [!#1;r{5-8}:1]@[C;r{5-8}:2]@;-[S;r{5-8}:3]@[!#1;r{5-8}:4]
61 [!#1;r{5-8}:1]@[NX2;r{5-8}:2]@;-[N;r{5-8}:3]@[!#1;r{5-8}:4]
62 [!#1^2,a;r{5-8}:1]@[N;r{5-6}:2]@;-[N;r{5-6}:3]@[!#1;r{5-8}:4]
63 [!#1;R2,R3;r{5-8}:1]@[N;r{5-6}:2]@;-[N;r{5-6}:3]@[!#1;R2,R3;r{5-8}:4]
64 [!#1;r{5-8}:1]@[N;r5:2]@;-[N;r5:3]@[!#1;r{5-8}:4]
65 [!#1;r{5-8}:1]@[N;r{5-6}:2]@;-[N;r{5-6}:3]@[!#1;r{5-8}:4]
66 [!#1;r{5-8}:1]@[N;r{5-8}:2]@;-[N;r{5-8}:3]@[!#1;r{5-8}:4]
67 [!#1;r{5-8}:1]@[N;r{5-6}:2]@;-[a;r{5-6}:3]@[!#1;r{5-8}:4]
68 [!#1;r{5-8}:1]@[N;r{5-8}:2]@;-[a;r{5-8}:3]@[!#1;r{5-8}:4]
69 [!#1;r{5-8}:1]@[NX2;r{5-8}:2]@;-[O;r{5-8}:3]@[!#1;r{5-8}:4]
70 [!#1;R2,R3;r{5-8}:1]@[N;r{5-6}:2]@;-[O;r{5-6}:3]@[!#1;R2,R3;r{5-8}:4]
71 [!#1;r{5-8}:1]@[N;r5:2]@;-[O;r5:3]@[!#1;r{5-8}:4]
72 [!#1;r{5-8}:1]@[N;r{5-6}:2]@;-[O;r{5-6}:3]@[!#1;r{5-8}:4]
73 [!#1;r{5-8}:1]@[N;r{5-8}:2]@;-[O;r{5-8}:3]@[!#1;r{5-8}:4]
74 [!#1;r{5-8}:1]@[NX2;r{5-8}:2]@;-[S;r{5-8}:3]@[!#1;r{5-8}:4]
75 [!#1;r{5-8}:1]@[N;r5:2]@;-[S;r5:3]@[!#1;r{5-8}:4]
76 [!#1;r{5-8}:1]@[N;r{5-6}:2]@;-[S;r{5-6}:3]@[!#1;r{5-8}:4]
77 [!#1;r{5-8}:1]@[N;r{5-8}:2]@;-[S;r{5-8}:3]@[!#1;r{5-8}:4]
78 [!#1;r{5-8}:1]@[O;r{5-8}:2]@;-[O;r{5-8}:3]@[!#1;r{5-8}:4]
79 [!#1;r{5-8}:1]@[O;r{5-8}:2]@;-[S;r{5-8}:3]@;=,:[!#1;r{5-8}:4]
80 [!#1;r{5-8}:1]@[O;r5:2]@;-[S;r5:3]@[!#1;r{5-8}:4]
81 [!#1;r{5-8}:1]@[O;r{5-6}:2]@;-[S;r{5-6}:3]@[!#1;r{5-8}:4]
82 [!#1;r{5-8}:1]@[O;r{5-8}:2]@;-[S;r{5-8}:3]@[!#1;r{5-8}:4]
83 [!#1;r{5-8}:1]@[O;r{5-6}:2]@;-[a;r{5-6}:3]@[!#1;r{5-8}:4]
84 [!#1;r{5-8}:1]@[O;r{5-8}:2]@;-[a;r{5-8}:3]@[!#1;r{5-8}:4]
85 [!#1;r{5-8}:1]@[S;r5:2]@;-[S;r5:3]@[!#1;r{5-8}:4]
86 [!#1;r{5-8}:1]@[S;r{5-6}:2]@;-[S;r{5-6}:3]@[!#1;r{5-8}:4]
87 [!#1;r{5-8}:1]@[S;r{5-8}:2]@;-[S;r{5-8}:3]@[!#1;r{5-8}:4]
88 [!#1;r{5-8}:1]@[S;r5:2]@;-[a;r{5-6}:3]@[!#1;r{5-8}:4]
89 [!#1;r{5-8}:1]@[S;r{5-6}:2]@;-[a;r{5-6}:3]@[!#1;r{5-8}:4]
90 [!#1;r{5-8}:1]@[S;r{5-8}:2]@;-[a;r{5-8}:3]@[!#1;r{5-8}:4]
91 [!#1;r{5-8}:1]@[P;r{5-8}:2]@;-[C^2,c;r{5-8}:3]@[!#1;r{5-8}:4]
92 [!#1;r{5-8}:1]@[P;r5:2]@;-[CX4;r5:3]@[!#1;r{5-8}:4]
93 [!#1;r{5-8}:1]@[P;r{5-6}:2]@;-[CX4;r{5-6}:3]@[!#1;r{5-8}:4]
94 [!#1;r{5-8}:1]@[P;r{5-8}:2]@;-[C;r{5-8}:3]@[!#1;r{5-8}:4]
95 [!#1;r{5-8}:1]@[P;r{5-8}:2]@;-[NX2;r{5-8}:3]@[!#1;r{5-8}:4]
96 [!#1;r{5-8}:1]@[P;r{5-8}:2]@;-[N;r{5-8}:3]@[!#1;r{5-8}:4]
97 [!#1;r{5-8}:1]@;=[P;r{5-8}:2]@;-[O;r{5-8}:3]@[!#1;r{5-8}:4]
98 [!#1;r{5-8}:1]@[P;r5:2]@;-[O;r5:3]@[!#1;r{5-8}:4]
99 [!#1;r{5-8}:1]@[P;r{5-6}:2]@;-[O;r{5-6}:3]@[!#1;r{5-8}:4]
100 [!#1;r{5-8}:1]@[P;r{5-8}:2]@;-[O;r{5-8}:3]@[!#1;r{5-8}:4]
101 [!#1;r{5-8}:1]@[P;r5:2]@;-[S,P;r5:3]@[!#1;r{5-8}:4]
102 [!#1;r{5-8}:1]@[P;r{5-6}:2]@;-[S,P;r{5-8}:3]@[!#1;r{5-8}:4]
103 [!#1;r{5-8}:1]@[P;r{5-8}:2]@;-[S,P;r{5-8}:3]@[!#1;r{5-8}:4]
104 [!#1;r{5-8}:1]@[P;r{5-8}:2]@;-[a;r{5-8}:3]@[!#1;r{5-8}:4]
